---------- Date: 2015-11-02 05:51:21 ~ IP : 41.46.14.45 ----------
REQUEST URI : /index.php?route=common/home
MOD DETAILS:
   modFile   : /home/livemega/public_html/vqmod/xml/multimerch_core_sellerinfos.xml
   id        : MultiMerch Core seller information in various places
   version   : 
   vqmver    : 
   author    : http://multimerch.com/
VQModObject::parseMods - Could not resolve path for [catalog/view/theme/cosyone/template/mail/order.tpl] (SKIPPED)

File Name    : catalog/view/theme/cosyone/template/common/cart.tpl(0)
VQModObject::applyMod - SEARCH NOT FOUND (SKIPPED): <a href="<?php echo $product['href']; ?>"><?php echo $product['name']; ?></a>
MOD DETAILS:
   modFile   : /home/livemega/public_html/vqmod/xml/multimerch_core_seourl.xml
   id        : MultiMerch Core SEO URLs
   version   : 
   vqmver    : 
   author    : http://multimerch.com/

File Name    : catalog/controller/common/seo_url.php(1)
VQModObject::applyMod - SEARCH NOT FOUND (SKIPPED): && $url[0] != 'product_id'

MOD DETAILS:
   modFile   : /home/livemega/public_html/vqmod/xml/cosyone_liveshop.xml
   id        : LiveShop
   version   : OC 2
   vqmver    : 2.5.0
   author    : Marwa

File Name    : catalog/view/theme/cosyone/template/common/header.tpl(0)
VQModObject::applyMod - SEARCH NOT FOUND (ABORTING MOD): <?php if ($description) { ?>
				<meta name="description" content="<?php echo $description; ?>" />
				<?php } ?>
MOD DETAILS:
   modFile   : /home/livemega/public_html/vqmod/xml/multimerch_core_sellermenu.xml
   id        : MultiMerch Core Seller Menu
   version   : 
   vqmver    : 
   author    : http://multimerch.com/

File Name    : catalog/view/theme/cosyone/template/common/header.tpl(0)
VQModObject::applyMod - SEARCH NOT FOUND (SKIPPED): <li><a href="<?php echo $contact; ?>"><i class="fa fa-phone"></i></a> <span class="hidden-xs hidden-sm hidden-md"><?php echo $telephone; ?></span></li>

----------------------------------------------------------------------


---------- Date: 2015-11-02 05:52:07 ~ IP : 41.34.55.11 ----------
REQUEST URI : /index.php?route=account/account
MOD DETAILS:
   modFile   : /home/livemega/public_html/vqmod/xml/multimerch_core_sellermenu.xml
   id        : MultiMerch Core Seller Menu
   version   : 
   vqmver    : 
   author    : http://multimerch.com/

File Name    : catalog/view/theme/cosyone/template/module/account.tpl(0)
VQModObject::applyMod - SEARCH NOT FOUND (SKIPPED): <div class="list-group">

File Name    : catalog/view/theme/cosyone/template/account/account.tpl(0)
VQModObject::applyMod - SEARCH NOT FOUND (ABORTING MOD): <h2><?php echo $text_my_newsletter; ?></h2>

----------------------------------------------------------------------


---------- Date: 2015-11-02 06:05:51 ~ IP : 156.173.84.86 ----------
REQUEST URI : /index.php?route=product/product&product_id=505
MOD DETAILS:
   modFile   : /home/livemega/public_html/vqmod/xml/multimerch_core_productpage.xml
   id        : MultiMerch Core Product Page Mods
   version   : 
   vqmver    : 
   author    : http://multimerch.com/

File Name    : catalog/view/theme/cosyone/template/product/product.tpl(3)
VQModObject::applyMod - SEARCH NOT FOUND (ABORTING MOD): <li><?php echo $text_stock; ?> <?php echo $stock; ?></li>
----------------------------------------------------------------------


---------- Date: 2015-11-02 06:15:55 ~ IP : 2.49.65.226 ----------
REQUEST URI : /index.php?route=liveshop/login
MOD DETAILS:
   modFile   : /home/livemega/public_html/vqmod/xml/multimerch_core_sellermenu.xml
   id        : MultiMerch Core Seller Menu
   version   : 
   vqmver    : 
   author    : http://multimerch.com/

File Name    : catalog/view/theme/cosyone/template/account/login.tpl(0)
VQModObject::applyMod - SEARCH NOT FOUND (SKIPPED): <a href="<?php echo $register; ?>" class="btn btn-primary"><?php echo $button_continue; ?></a></div>

----------------------------------------------------------------------


